termux-boot/app/build/intermediates/manifest_merge_blame_file/debug/manifest-merger-blame-debug-report.txt
1<?xml version="1.0" encoding="utf-8"?>
2<manifest xmlns:android="http://schemas.android.com/apk/res/android"
3    package="com.termux.boot"
4    android:sharedUserId="com.termux"
5    android:versionCode="7"
6    android:versionName="0.7" >
7
8    <uses-sdk
9        android:minSdkVersion="21"
9-->src/main/AndroidManifest.xml
10        android:targetSdkVersion="28" />
10-->src/main/AndroidManifest.xml
11
12    <uses-permission android:name="android.permission.RECEIVE_BOOT_COMPLETED" />
12-->src/main/AndroidManifest.xml:7:5-81
12-->src/main/AndroidManifest.xml:7:22-78
13    <uses-permission android:name="android.permission.WAKE_LOCK" />
13-->src/main/AndroidManifest.xml:8:5-68
13-->src/main/AndroidManifest.xml:8:22-65
14
15    <application
15-->src/main/AndroidManifest.xml:10:5-32:19
16        android:allowBackup="false"
16-->src/main/AndroidManifest.xml:11:9-36
17        android:debuggable="true"
18        android:icon="@drawable/ic_launcher"
18-->src/main/AndroidManifest.xml:12:9-45
19        android:label="@string/app_name"
19-->src/main/AndroidManifest.xml:13:9-41
20        android:supportsRtl="true" >
20-->src/main/AndroidManifest.xml:14:9-35
21        <activity android:name="com.termux.boot.BootActivity" >
21-->src/main/AndroidManifest.xml:16:9-21:20
21-->src/main/AndroidManifest.xml:16:19-47
22            <intent-filter>
22-->src/main/AndroidManifest.xml:17:13-20:29
23                <action android:name="android.intent.action.MAIN" />
23-->src/main/AndroidManifest.xml:18:17-69
23-->src/main/AndroidManifest.xml:18:25-66
24
25                <category android:name="android.intent.category.LAUNCHER" />
25-->src/main/AndroidManifest.xml:19:17-77
25-->src/main/AndroidManifest.xml:19:27-74
26            </intent-filter>
27        </activity>
28
29        <receiver
29-->src/main/AndroidManifest.xml:22:9-28:20
30            android:name="com.termux.boot.BootReceiver"
30-->src/main/AndroidManifest.xml:23:13-41
31            android:exported="false" >
31-->src/main/AndroidManifest.xml:24:13-37
32            <intent-filter>
32-->src/main/AndroidManifest.xml:25:13-27:29
33                <action android:name="android.intent.action.BOOT_COMPLETED" />
33-->src/main/AndroidManifest.xml:26:17-79
33-->src/main/AndroidManifest.xml:26:25-76
34            </intent-filter>
35        </receiver>
36
37        <service
37-->src/main/AndroidManifest.xml:29:9-31:72
38            android:name="com.termux.boot.BootJobService"
38-->src/main/AndroidManifest.xml:30:13-43
39            android:permission="android.permission.BIND_JOB_SERVICE" />
39-->src/main/AndroidManifest.xml:31:13-69
40    </application>
41
42</manifest>